<?xml version="1.0" encoding="UTF-8"?>
<coverage generated="1562538398271" clover="3.2.0">
  <project timestamp="1562538398271" name="All files">
    <metrics statements="22" coveredstatements="22" conditionals="0" coveredconditionals="0" methods="15" coveredmethods="15" elements="37" coveredelements="37" complexity="0" loc="22" ncloc="22" packages="2" files="4" classes="4"/>
    <package name="src">
      <metrics statements="8" coveredstatements="8" conditionals="0" coveredconditionals="0" methods="7" coveredmethods="7"/>
      <file name="App.js" path="/Users/carlossanchez/Desktop/Proyectos/Finanzly/src/App.js">
        <metrics statements="8" coveredstatements="8" conditionals="0" coveredconditionals="0" methods="7" coveredmethods="7"/>
        <line num="10" count="1" type="stmt"/>
        <line num="14" count="1" type="stmt"/>
        <line num="15" count="1" type="stmt"/>
        <line num="27" count="1" type="stmt"/>
        <line num="28" count="1" type="stmt"/>
        <line num="31" count="1" type="stmt"/>
        <line num="32" count="1" type="stmt"/>
        <line num="33" count="1" type="stmt"/>
      </file>
    </package>
    <package name="src.components">
      <metrics statements="14" coveredstatements="14" conditionals="0" coveredconditionals="0" methods="8" coveredmethods="8"/>
      <file name="Dashboard.js" path="/Users/carlossanchez/Desktop/Proyectos/Finanzly/src/components/Dashboard.js">
        <metrics statements="1" coveredstatements="1" conditionals="0" coveredconditionals="0" methods="1" coveredmethods="1"/>
        <line num="4" count="2" type="stmt"/>
      </file>
      <file name="Finanzas.js" path="/Users/carlossanchez/Desktop/Proyectos/Finanzly/src/components/Finanzas.js">
        <metrics statements="3" coveredstatements="3" conditionals="0" coveredconditionals="0" methods="3" coveredmethods="3"/>
        <line num="4" count="2" type="stmt"/>
        <line num="16" count="3" type="stmt"/>
        <line num="22" count="2" type="stmt"/>
      </file>
      <file name="Form.js" path="/Users/carlossanchez/Desktop/Proyectos/Finanzly/src/components/Form.js">
        <metrics statements="10" coveredstatements="10" conditionals="0" coveredconditionals="0" methods="4" coveredmethods="4"/>
        <line num="4" count="9" type="stmt"/>
        <line num="5" count="9" type="stmt"/>
        <line num="7" count="9" type="stmt"/>
        <line num="8" count="2" type="stmt"/>
        <line num="9" count="2" type="stmt"/>
        <line num="10" count="2" type="stmt"/>
        <line num="11" count="2" type="stmt"/>
        <line num="14" count="9" type="stmt"/>
        <line num="24" count="2" type="stmt"/>
        <line num="39" count="2" type="stmt"/>
      </file>
    </package>
  </project>
</coverage>
