{"/Users/carlossanchez/Desktop/Proyectos/Finanzly/src/App.js": {"path":"/Users/carlossanchez/Desktop/Proyectos/Finanzly/src/App.js","statementMap":{"0":{"start":{"line":10,"column":2},"end":{"line":10,"column":45}},"1":{"start":{"line":14,"column":16},"end":{"line":14,"column":62}},"2":{"start":{"line":14,"column":45},"end":{"line":14,"column":58}},"3":{"start":{"line":15,"column":2},"end":{"line":24,"column":4}},"4":{"start":{"line":27,"column":24},"end":{"line":29,"column":1}},"5":{"start":{"line":28,"column":2},"end":{"line":28,"column":15}},"6":{"start":{"line":31,"column":27},"end":{"line":34,"column":2}},"7":{"start":{"line":31,"column":40},"end":{"line":34,"column":1}},"8":{"start":{"line":32,"column":29},"end":{"line":32,"column":55}},"9":{"start":{"line":33,"column":28},"end":{"line":33,"column":53}}},"fnMap":{"0":{"name":"Titulo","decl":{"start":{"line":9,"column":9},"end":{"line":9,"column":15}},"loc":{"start":{"line":9,"column":18},"end":{"line":11,"column":1}},"line":9},"1":{"name":"App","decl":{"start":{"line":13,"column":9},"end":{"line":13,"column":12}},"loc":{"start":{"line":13,"column":60},"end":{"line":25,"column":1}},"line":13},"2":{"name":"(anonymous_2)","decl":{"start":{"line":14,"column":32},"end":{"line":14,"column":33}},"loc":{"start":{"line":14,"column":45},"end":{"line":14,"column":58}},"line":14},"3":{"name":"(anonymous_3)","decl":{"start":{"line":27,"column":24},"end":{"line":27,"column":25}},"loc":{"start":{"line":27,"column":33},"end":{"line":29,"column":1}},"line":27},"4":{"name":"(anonymous_4)","decl":{"start":{"line":31,"column":27},"end":{"line":31,"column":28}},"loc":{"start":{"line":31,"column":40},"end":{"line":34,"column":1}},"line":31},"5":{"name":"(anonymous_5)","decl":{"start":{"line":32,"column":18},"end":{"line":32,"column":19}},"loc":{"start":{"line":32,"column":29},"end":{"line":32,"column":55}},"line":32},"6":{"name":"(anonymous_6)","decl":{"start":{"line":33,"column":19},"end":{"line":33,"column":20}},"loc":{"start":{"line":33,"column":28},"end":{"line":33,"column":53}},"line":33}},"branchMap":{},"s":{"0":1,"1":1,"2":1,"3":1,"4":1,"5":1,"6":1,"7":1,"8":1,"9":1},"f":{"0":1,"1":1,"2":1,"3":1,"4":1,"5":1,"6":1},"b":{},"_coverageSchema":"43e27e138ebf9cfc5966b082cf9a028302ed4184","hash":"d7b77cd13f72e7b3943b06db5206ddcd2819ad14"}
,"/Users/carlossanchez/Desktop/Proyectos/Finanzly/src/components/Dashboard.js": {"path":"/Users/carlossanchez/Desktop/Proyectos/Finanzly/src/components/Dashboard.js","statementMap":{"0":{"start":{"line":4,"column":4},"end":{"line":11,"column":6}}},"fnMap":{"0":{"name":"Dashboard","decl":{"start":{"line":3,"column":24},"end":{"line":3,"column":33}},"loc":{"start":{"line":3,"column":45},"end":{"line":12,"column":3}},"line":3}},"branchMap":{},"s":{"0":2},"f":{"0":2},"b":{},"_coverageSchema":"43e27e138ebf9cfc5966b082cf9a028302ed4184","hash":"afa0901a4c500de8230561ec71b8713bc41a5079"}
,"/Users/carlossanchez/Desktop/Proyectos/Finanzly/src/components/Finanzas.js": {"path":"/Users/carlossanchez/Desktop/Proyectos/Finanzly/src/components/Finanzas.js","statementMap":{"0":{"start":{"line":4,"column":2},"end":{"line":32,"column":4}},"1":{"start":{"line":16,"column":12},"end":{"line":27,"column":17}},"2":{"start":{"line":22,"column":33},"end":{"line":22,"column":51}}},"fnMap":{"0":{"name":"Finanzas","decl":{"start":{"line":3,"column":24},"end":{"line":3,"column":32}},"loc":{"start":{"line":3,"column":64},"end":{"line":33,"column":1}},"line":3},"1":{"name":"(anonymous_1)","decl":{"start":{"line":15,"column":24},"end":{"line":15,"column":25}},"loc":{"start":{"line":16,"column":12},"end":{"line":27,"column":17}},"line":16},"2":{"name":"(anonymous_2)","decl":{"start":{"line":22,"column":27},"end":{"line":22,"column":28}},"loc":{"start":{"line":22,"column":33},"end":{"line":22,"column":51}},"line":22}},"branchMap":{},"s":{"0":2,"1":3,"2":2},"f":{"0":2,"1":3,"2":2},"b":{},"_coverageSchema":"43e27e138ebf9cfc5966b082cf9a028302ed4184","hash":"ab245e74ab0976ca557da724780cf77891862d9f"}
,"/Users/carlossanchez/Desktop/Proyectos/Finanzly/src/components/Form.js": {"path":"/Users/carlossanchez/Desktop/Proyectos/Finanzly/src/components/Form.js","statementMap":{"0":{"start":{"line":4,"column":25},"end":{"line":4,"column":37}},"1":{"start":{"line":5,"column":25},"end":{"line":5,"column":37}},"2":{"start":{"line":7,"column":22},"end":{"line":12,"column":2}},"3":{"start":{"line":8,"column":2},"end":{"line":8,"column":21}},"4":{"start":{"line":9,"column":2},"end":{"line":9,"column":47}},"5":{"start":{"line":10,"column":2},"end":{"line":10,"column":14}},"6":{"start":{"line":11,"column":2},"end":{"line":11,"column":14}},"7":{"start":{"line":14,"column":1},"end":{"line":52,"column":3}},"8":{"start":{"line":24,"column":22},"end":{"line":24,"column":45}},"9":{"start":{"line":39,"column":22},"end":{"line":39,"column":45}}},"fnMap":{"0":{"name":"Form","decl":{"start":{"line":3,"column":24},"end":{"line":3,"column":28}},"loc":{"start":{"line":3,"column":49},"end":{"line":53,"column":1}},"line":3},"1":{"name":"(anonymous_1)","decl":{"start":{"line":7,"column":22},"end":{"line":7,"column":23}},"loc":{"start":{"line":7,"column":27},"end":{"line":12,"column":2}},"line":7},"2":{"name":"(anonymous_2)","decl":{"start":{"line":24,"column":17},"end":{"line":24,"column":18}},"loc":{"start":{"line":24,"column":22},"end":{"line":24,"column":45}},"line":24},"3":{"name":"(anonymous_3)","decl":{"start":{"line":39,"column":17},"end":{"line":39,"column":18}},"loc":{"start":{"line":39,"column":22},"end":{"line":39,"column":45}},"line":39}},"branchMap":{},"s":{"0":9,"1":9,"2":9,"3":2,"4":2,"5":2,"6":2,"7":9,"8":2,"9":2},"f":{"0":9,"1":2,"2":2,"3":2},"b":{},"_coverageSchema":"43e27e138ebf9cfc5966b082cf9a028302ed4184","hash":"89666e05ed38993b9532835d04e0be8349b0e08a"}
}
