TN:
SF:/Users/carlossanchez/Desktop/Proyectos/Finanzly/src/App.js
FN:9,Titulo
FN:13,App
FN:14,(anonymous_2)
FN:27,(anonymous_3)
FN:31,(anonymous_4)
FN:32,(anonymous_5)
FN:33,(anonymous_6)
FNF:7
FNH:7
FNDA:1,Titulo
FNDA:1,App
FNDA:1,(anonymous_2)
FNDA:1,(anonymous_3)
FNDA:1,(anonymous_4)
FNDA:1,(anonymous_5)
FNDA:1,(anonymous_6)
DA:10,1
DA:14,1
DA:15,1
DA:27,1
DA:28,1
DA:31,1
DA:32,1
DA:33,1
LF:8
LH:8
BRF:0
BRH:0
end_of_record
TN:
SF:/Users/carlossanchez/Desktop/Proyectos/Finanzly/src/components/Dashboard.js
FN:3,Dashboard
FNF:1
FNH:1
FNDA:2,Dashboard
DA:4,2
LF:1
LH:1
BRF:0
BRH:0
end_of_record
TN:
SF:/Users/carlossanchez/Desktop/Proyectos/Finanzly/src/components/Finanzas.js
FN:3,Finanzas
FN:15,(anonymous_1)
FN:22,(anonymous_2)
FNF:3
FNH:3
FNDA:2,Finanzas
FNDA:3,(anonymous_1)
FNDA:2,(anonymous_2)
DA:4,2
DA:16,3
DA:22,2
LF:3
LH:3
BRF:0
BRH:0
end_of_record
TN:
SF:/Users/carlossanchez/Desktop/Proyectos/Finanzly/src/components/Form.js
FN:3,Form
FN:7,(anonymous_1)
FN:24,(anonymous_2)
FN:39,(anonymous_3)
FNF:4
FNH:4
FNDA:9,Form
FNDA:2,(anonymous_1)
FNDA:2,(anonymous_2)
FNDA:2,(anonymous_3)
DA:4,9
DA:5,9
DA:7,9
DA:8,2
DA:9,2
DA:10,2
DA:11,2
DA:14,9
DA:24,2
DA:39,2
LF:10
LH:10
BRF:0
BRH:0
end_of_record
